<?xml version="1.0" encoding="utf-8"?><testsuite errors="0" failures="1" name="pytest" skips="0" tests="1" time="0.050"><testcase classname="test_root.Test_Root_test1" file="test_root.py" line="6" name="test_Root_A" time="0.0016579627990722656"><failure message="AssertionError: Not implemented">self = &lt;test_root.Test_Root_test1 testMethod=test_Root_A&gt;

    def test_Root_A(self):
&gt;       self.fail(&quot;Not implemented&quot;)
E       AssertionError: Not implemented

test_root.py:8: AssertionError</failure></testcase></testsuite>
